<?xml version="1.0" encoding="UTF-8"?>
<!-- Generated by org.testng.reporters.JUnitXMLReporter -->
<testsuite ignored="0" hostname="LAPTOP-RAQOTQJ9" failures="3" tests="6" name="Default test" time="82.508" errors="0" timestamp="2024-09-15T16:20:06 BDT">
  <testcase classname="Pickaboo.MouseHover" name="openUrl" time="9.244"/>
  <testcase classname="Pickaboo.MouseHover" name="login" time="13.395"/>
  <testcase classname="Pickaboo.MouseHover" name="mouseHover" time="41.412">
    <failure type="com.microsoft.playwright.TimeoutError" message="Error {
  message=&amp;apos;Timeout 30000ms exceeded.
  name=&amp;apos;TimeoutError
  stack=&amp;apos;TimeoutError: Timeout 30000ms exceeded.
    at ProgressController.run (C:\Users\benny\AppData\Local\Temp\playwright-java-3978859546058696180\package\lib\server\progress.js:78:26)
    at ElementHandle.click (C:\Users\benny\AppData\Local\Temp\playwright-java-3978859546058696180\package\lib\server\dom.js:450:23)
    at ElementHandleDispatcher.click (C:\Users\benny\AppData\Local\Temp\playwright-java-3978859546058696180\package\lib\server\dispatchers\elementHandlerDispatcher.js:127:38)
    at ElementHandleDispatcher._handleCommand (C:\Users\benny\AppData\Local\Temp\playwright-java-3978859546058696180\package\lib\server\dispatchers\dispatcher.js:94:40)
    at DispatcherConnection.dispatch (C:\Users\benny\AppData\Local\Temp\playwright-java-3978859546058696180\package\lib\server\dispatchers\dispatcher.js:361:39)
}
Call log:
- attempting click action
-   waiting for element to be visible, enabled and stable
-   element is visible, enabled and stable
-   scrolling into view if needed
-   done scrolling
-   &amp;lt;div class=&amp;quot;&amp;quot;&amp;gt;…&amp;lt;/div&amp;gt; from &amp;lt;div class=&amp;quot;CustomCookies__CookieStyle-sc-13jxcge-0 jwKIaB&amp;quot;&amp;gt;…&amp;lt;/div&amp;gt; subtree intercepts pointer events
- retrying click action, attempt #1
-   waiting for element to be visible, enabled and stable
-   element is visible, enabled and stable
-   scrolling into view if needed
-   done scrolling
-   &amp;lt;div class=&amp;quot;&amp;quot;&amp;gt;…&amp;lt;/div&amp;gt; from &amp;lt;div class=&amp;quot;CustomCookies__CookieStyle-sc-13jxcge-0 jwKIaB&amp;quot;&amp;gt;…&amp;lt;/div&amp;gt; subtree intercepts pointer events
- retrying click action, attempt #2
-   waiting 20ms
-   waiting for element to be visible, enabled and stable
-   element is visible, enabled and stable
-   scrolling into view if needed
-   done scrolling
-   performing click action
-   &amp;lt;div class=&amp;quot;js-image-zoom__zoomed-area&amp;quot;&amp;gt;&amp;lt;/div&amp;gt; from &amp;lt;div class=&amp;quot;DetailSlider__StyledSlider-sc-y0uv3n-0 jWfzsU detail-slider-wrap&amp;quot;&amp;gt;…&amp;lt;/div&amp;gt; subtree intercepts pointer events
- retrying click action, attempt #3
-   waiting 100ms
-   waiting for element to be visible, enabled and stable
-   element is visible, enabled and stable
-   scrolling into view if needed
-   done scrolling
-   &amp;lt;div class=&amp;quot;&amp;quot;&amp;gt;…&amp;lt;/div&amp;gt; from &amp;lt;div class=&amp;quot;CustomCookies__CookieStyle-sc-13jxcge-0 jwKIaB&amp;quot;&amp;gt;…&amp;lt;/div&amp;gt; subtree intercepts pointer events
- retrying click action, attempt #4
-   waiting 100ms
-   waiting for element to be visible, enabled and stable
-   element is visible, enabled and stable
-   scrolling into view if needed
-   done scrolling
-   &amp;lt;div class=&amp;quot;&amp;quot;&amp;gt;…&amp;lt;/div&amp;gt; from &amp;lt;div class=&amp;quot;CustomCookies__CookieStyle-sc-13jxcge-0 jwKIaB&amp;quot;&amp;gt;…&amp;lt;/div&amp;gt; subtree intercepts pointer events
- retrying click action, attempt #5
-   waiting 500ms
-   waiting for element to be visible, enabled and stable
-   element is visible, enabled and stable
-   scrolling into view if needed
-   done scrolling
-   &amp;lt;div class=&amp;quot;&amp;quot;&amp;gt;…&amp;lt;/div&amp;gt; from &amp;lt;div class=&amp;quot;CustomCookies__CookieStyle-sc-13jxcge-0 jwKIaB&amp;quot;&amp;gt;…&amp;lt;/div&amp;gt; subtree intercepts pointer events
- retrying click action, attempt #6
-   waiting 500ms
-   waiting for element to be visible, enabled and stable
-   element is visible, enabled and stable
-   scrolling into view if needed
-   done scrolling
-   &amp;lt;div class=&amp;quot;&amp;quot;&amp;gt;…&amp;lt;/div&amp;gt; from &amp;lt;div class=&amp;quot;CustomCookies__CookieStyle-sc-13jxcge-0 jwKIaB&amp;quot;&amp;gt;…&amp;lt;/div&amp;gt; subtree intercepts pointer events
- retrying click action, attempt #7
-   waiting 500ms
-   waiting for element to be visible, enabled and stable
-   element is visible, enabled and stable
-   scrolling into view if needed
-   done scrolling
-   &amp;lt;div class=&amp;quot;&amp;quot;&amp;gt;…&amp;lt;/div&amp;gt; from &amp;lt;div class=&amp;quot;CustomCookies__CookieStyle-sc-13jxcge-0 jwKIaB&amp;quot;&amp;gt;…&amp;lt;/div&amp;gt; subtree intercepts pointer events
- retrying click action, attempt #8
-   waiting 500ms
-   waiting for element to be visible, enabled and stable
-   element is visible, enabled and stable
-   scrolling into view if needed
-   done scrolling
-   &amp;lt;div class=&amp;quot;&amp;quot;&amp;gt;…&amp;lt;/div&amp;gt; from &amp;lt;div class=&amp;quot;CustomCookies__CookieStyle-sc-13jxcge-0 jwKIaB&amp;quot;&amp;gt;…&amp;lt;/div&amp;gt; subtree intercepts pointer events
- retrying click action, attempt #9
-   waiting 500ms
-   waiting for element to be visible, enabled and stable
-   element is visible, enabled and stable
-   scrolling into view if needed
-   done scrolling
-   &amp;lt;div class=&amp;quot;&amp;quot;&amp;gt;…&amp;lt;/div&amp;gt; from &amp;lt;div class=&amp;quot;CustomCookies__CookieStyle-sc-13jxcge-0 jwKIaB&amp;quot;&amp;gt;…&amp;lt;/div&amp;gt; subtree intercepts pointer events
- retrying click action, attempt #10
-   waiting 500ms
-   waiting for element to be visible, enabled and stable
-   element is visible, enabled and stable
-   scrolling into view if needed
-   done scrolling
-   &amp;lt;div class=&amp;quot;&amp;quot;&amp;gt;…&amp;lt;/div&amp;gt; from &amp;lt;div class=&amp;quot;CustomCookies__CookieStyle-sc-13jxcge-0 jwKIaB&amp;quot;&amp;gt;…&amp;lt;/div&amp;gt; subtree intercepts pointer events
- retrying click action, attempt #11
-   waiting 500ms
-   waiting for element to be visible, enabled and stable
-   element is visible, enabled and stable
-   scrolling into view if needed
-   done scrolling
-   &amp;lt;div class=&amp;quot;&amp;quot;&amp;gt;…&amp;lt;/div&amp;gt; from &amp;lt;div class=&amp;quot;CustomCookies__CookieStyle-sc-13jxcge-0 jwKIaB&amp;quot;&amp;gt;…&amp;lt;/div&amp;gt; subtree intercepts pointer events
- retrying click action, attempt #12
-   waiting 500ms
-   waiting for element to be visible, enabled and stable
-   element is visible, enabled and stable
-   scrolling into view if needed
-   done scrolling
-   &amp;lt;div class=&amp;quot;&amp;quot;&amp;gt;…&amp;lt;/div&amp;gt; from &amp;lt;div class=&amp;quot;CustomCookies__CookieStyle-sc-13jxcge-0 jwKIaB&amp;quot;&amp;gt;…&amp;lt;/div&amp;gt; subtree intercepts pointer events
- retrying click action, attempt #13
-   waiting 500ms
-   waiting for element to be visible, enabled and stable
-   element is visible, enabled and stable
-   scrolling into view if needed
-   done scrolling
-   &amp;lt;div class=&amp;quot;&amp;quot;&amp;gt;…&amp;lt;/div&amp;gt; from &amp;lt;div class=&amp;quot;CustomCookies__CookieStyle-sc-13jxcge-0 jwKIaB&amp;quot;&amp;gt;…&amp;lt;/div&amp;gt; subtree intercepts pointer events
- retrying click action, attempt #14
-   waiting 500ms
-   waiting for element to be visible, enabled and stable
-   element is visible, enabled and stable
-   scrolling into view if needed
-   done scrolling
-   &amp;lt;div class=&amp;quot;&amp;quot;&amp;gt;…&amp;lt;/div&amp;gt; from &amp;lt;div class=&amp;quot;CustomCookies__CookieStyle-sc-13jxcge-0 jwKIaB&amp;quot;&amp;gt;…&amp;lt;/div&amp;gt; subtree intercepts pointer events
- retrying click action, attempt #15
-   waiting 500ms
-   waiting for element to be visible, enabled and stable
-   element is visible, enabled and stable
-   scrolling into view if needed
-   done scrolling
-   &amp;lt;div class=&amp;quot;&amp;quot;&amp;gt;…&amp;lt;/div&amp;gt; from &amp;lt;div class=&amp;quot;CustomCookies__CookieStyle-sc-13jxcge-0 jwKIaB&amp;quot;&amp;gt;…&amp;lt;/div&amp;gt; subtree intercepts pointer events
- retrying click action, attempt #16
-   waiting 500ms
-   waiting for element to be visible, enabled and stable
-   element is visible, enabled and stable
-   scrolling into view if needed
-   done scrolling
-   &amp;lt;div class=&amp;quot;&amp;quot;&amp;gt;…&amp;lt;/div&amp;gt; from &amp;lt;div class=&amp;quot;CustomCookies__CookieStyle-sc-13jxcge-0 jwKIaB&amp;quot;&amp;gt;…&amp;lt;/div&amp;gt; subtree intercepts pointer events
- retrying click action, attempt #17
-   waiting 500ms
-   waiting for element to be visible, enabled and stable
-   element is visible, enabled and stable
-   scrolling into view if needed
-   done scrolling
-   &amp;lt;div class=&amp;quot;&amp;quot;&amp;gt;…&amp;lt;/div&amp;gt; from &amp;lt;div class=&amp;quot;CustomCookies__CookieStyle-sc-13jxcge-0 jwKIaB&amp;quot;&amp;gt;…&amp;lt;/div&amp;gt; subtree intercepts pointer events
- retrying click action, attempt #18
-   waiting 500ms
-   waiting for element to be visible, enabled and stable
-   element is visible, enabled and stable
-   scrolling into view if needed
-   done scrolling
-   &amp;lt;div class=&amp;quot;&amp;quot;&amp;gt;…&amp;lt;/div&amp;gt; from &amp;lt;div class=&amp;quot;CustomCookies__CookieStyle-sc-13jxcge-0 jwKIaB&amp;quot;&amp;gt;…&amp;lt;/div&amp;gt; subtree intercepts pointer events
- retrying click action, attempt #19
-   waiting 500ms
-   waiting for element to be visible, enabled and stable
-   element is visible, enabled and stable
-   scrolling into view if needed
-   done scrolling
-   &amp;lt;div class=&amp;quot;&amp;quot;&amp;gt;…&amp;lt;/div&amp;gt; from &amp;lt;div class=&amp;quot;CustomCookies__CookieStyle-sc-13jxcge-0 jwKIaB&amp;quot;&amp;gt;…&amp;lt;/div&amp;gt; subtree intercepts pointer events
- retrying click action, attempt #20
-   waiting 500ms
-   waiting for element to be visible, enabled and stable
-   element is visible, enabled and stable
-   scrolling into view if needed
-   done scrolling
-   &amp;lt;div class=&amp;quot;&amp;quot;&amp;gt;…&amp;lt;/div&amp;gt; from &amp;lt;div class=&amp;quot;CustomCookies__CookieStyle-sc-13jxcge-0 jwKIaB&amp;quot;&amp;gt;…&amp;lt;/div&amp;gt; subtree intercepts pointer events
- retrying click action, attempt #21
-   waiting 500ms
-   waiting for element to be visible, enabled and stable
-   element is visible, enabled and stable
-   scrolling into view if needed
-   done scrolling
-   &amp;lt;div class=&amp;quot;&amp;quot;&amp;gt;…&amp;lt;/div&amp;gt; from &amp;lt;div class=&amp;quot;CustomCookies__CookieStyle-sc-13jxcge-0 jwKIaB&amp;quot;&amp;gt;…&amp;lt;/div&amp;gt; subtree intercepts pointer events
- retrying click action, attempt #22
-   waiting 500ms
-   waiting for element to be visible, enabled and stable
-   element is visible, enabled and stable
-   scrolling into view if needed
-   done scrolling
-   &amp;lt;div class=&amp;quot;&amp;quot;&amp;gt;…&amp;lt;/div&amp;gt; from &amp;lt;div class=&amp;quot;CustomCookies__CookieStyle-sc-13jxcge-0 jwKIaB&amp;quot;&amp;gt;…&amp;lt;/div&amp;gt; subtree intercepts pointer events
- retrying click action, attempt #23
-   waiting 500ms
-   waiting for element to be visible, enabled and stable
-   element is visible, enabled and stable
-   scrolling into view if needed
-   done scrolling
-   &amp;lt;div class=&amp;quot;&amp;quot;&amp;gt;…&amp;lt;/div&amp;gt; from &amp;lt;div class=&amp;quot;CustomCookies__CookieStyle-sc-13jxcge-0 jwKIaB&amp;quot;&amp;gt;…&amp;lt;/div&amp;gt; subtree intercepts pointer events
- retrying click action, attempt #24
-   waiting 500ms
-   waiting for element to be visible, enabled and stable
-   element is visible, enabled and stable
-   scrolling into view if needed
-   done scrolling
-   &amp;lt;div class=&amp;quot;&amp;quot;&amp;gt;…&amp;lt;/div&amp;gt; from &amp;lt;div class=&amp;quot;CustomCookies__CookieStyle-sc-13jxcge-0 jwKIaB&amp;quot;&amp;gt;…&amp;lt;/div&amp;gt; subtree intercepts pointer events
- retrying click action, attempt #25
-   waiting 500ms
-   waiting for element to be visible, enabled and stable
-   element is visible, enabled and stable
-   scrolling into view if needed
-   done scrolling
-   &amp;lt;div class=&amp;quot;&amp;quot;&amp;gt;…&amp;lt;/div&amp;gt; from &amp;lt;div class=&amp;quot;CustomCookies__CookieStyle-sc-13jxcge-0 jwKIaB&amp;quot;&amp;gt;…&amp;lt;/div&amp;gt; subtree intercepts pointer events
- retrying click action, attempt #26
-   waiting 500ms
-   waiting for element to be visible, enabled and stable
-   element is visible, enabled and stable
-   scrolling into view if needed
-   done scrolling
-   &amp;lt;div class=&amp;quot;&amp;quot;&amp;gt;…&amp;lt;/div&amp;gt; from &amp;lt;div class=&amp;quot;CustomCookies__CookieStyle-sc-13jxcge-0 jwKIaB&amp;quot;&amp;gt;…&amp;lt;/div&amp;gt; subtree intercepts pointer events
- retrying click action, attempt #27
-   waiting 500ms
-   waiting for element to be visible, enabled and stable
-   element is visible, enabled and stable
-   scrolling into view if needed
-   done scrolling
-   &amp;lt;div class=&amp;quot;&amp;quot;&amp;gt;…&amp;lt;/div&amp;gt; from &amp;lt;div class=&amp;quot;CustomCookies__CookieStyle-sc-13jxcge-0 jwKIaB&amp;quot;&amp;gt;…&amp;lt;/div&amp;gt; subtree intercepts pointer events
- retrying click action, attempt #28
-   waiting 500ms
-   waiting for element to be visible, enabled and stable
-   element is visible, enabled and stable
-   scrolling into view if needed
-   done scrolling
-   &amp;lt;div class=&amp;quot;&amp;quot;&amp;gt;…&amp;lt;/div&amp;gt; from &amp;lt;div class=&amp;quot;CustomCookies__CookieStyle-sc-13jxcge-0 jwKIaB&amp;quot;&amp;gt;…&amp;lt;/div&amp;gt; subtree intercepts pointer events
- retrying click action, attempt #29
-   waiting 500ms
-   waiting for element to be visible, enabled and stable
-   element is visible, enabled and stable
-   scrolling into view if needed
-   done scrolling
-   &amp;lt;div class=&amp;quot;&amp;quot;&amp;gt;…&amp;lt;/div&amp;gt; from &amp;lt;div class=&amp;quot;CustomCookies__CookieStyle-sc-13jxcge-0 jwKIaB&amp;quot;&amp;gt;…&amp;lt;/div&amp;gt; subtree intercepts pointer events
- retrying click action, attempt #30
-   waiting 500ms
-   waiting for element to be visible, enabled and stable
-   element is visible, enabled and stable
-   scrolling into view if needed
-   done scrolling
-   &amp;lt;div class=&amp;quot;&amp;quot;&amp;gt;…&amp;lt;/div&amp;gt; from &amp;lt;div class=&amp;quot;CustomCookies__CookieStyle-sc-13jxcge-0 jwKIaB&amp;quot;&amp;gt;…&amp;lt;/div&amp;gt; subtree intercepts pointer events
- retrying click action, attempt #31
-   waiting 500ms
-   waiting for element to be visible, enabled and stable
-   element is visible, enabled and stable
-   scrolling into view if needed
-   done scrolling
-   &amp;lt;div class=&amp;quot;&amp;quot;&amp;gt;…&amp;lt;/div&amp;gt; from &amp;lt;div class=&amp;quot;CustomCookies__CookieStyle-sc-13jxcge-0 jwKIaB&amp;quot;&amp;gt;…&amp;lt;/div&amp;gt; subtree intercepts pointer events
- retrying click action, attempt #32
-   waiting 500ms
-   waiting for element to be visible, enabled and stable
-   element is visible, enabled and stable
-   scrolling into view if needed
-   done scrolling
-   &amp;lt;div class=&amp;quot;&amp;quot;&amp;gt;…&amp;lt;/div&amp;gt; from &amp;lt;div class=&amp;quot;CustomCookies__CookieStyle-sc-13jxcge-0 jwKIaB&amp;quot;&amp;gt;…&amp;lt;/div&amp;gt; subtree intercepts pointer events
- retrying click action, attempt #33
-   waiting 500ms
-   waiting for element to be visible, enabled and stable
-   element is visible, enabled and stable
-   scrolling into view if needed
-   done scrolling
-   &amp;lt;div class=&amp;quot;&amp;quot;&amp;gt;…&amp;lt;/div&amp;gt; from &amp;lt;div class=&amp;quot;CustomCookies__CookieStyle-sc-13jxcge-0 jwKIaB&amp;quot;&amp;gt;…&amp;lt;/div&amp;gt; subtree intercepts pointer events
- retrying click action, attempt #34
-   waiting 500ms
-   waiting for element to be visible, enabled and stable
-   element is visible, enabled and stable
-   scrolling into view if needed
-   done scrolling
-   &amp;lt;div class=&amp;quot;&amp;quot;&amp;gt;…&amp;lt;/div&amp;gt; from &amp;lt;div class=&amp;quot;CustomCookies__CookieStyle-sc-13jxcge-0 jwKIaB&amp;quot;&amp;gt;…&amp;lt;/div&amp;gt; subtree intercepts pointer events
- retrying click action, attempt #35
-   waiting 500ms
-   waiting for element to be visible, enabled and stable
-   element is visible, enabled and stable
-   scrolling into view if needed
-   done scrolling
-   &amp;lt;div class=&amp;quot;&amp;quot;&amp;gt;…&amp;lt;/div&amp;gt; from &amp;lt;div class=&amp;quot;CustomCookies__CookieStyle-sc-13jxcge-0 jwKIaB&amp;quot;&amp;gt;…&amp;lt;/div&amp;gt; subtree intercepts pointer events
- retrying click action, attempt #36
-   waiting 500ms
-   waiting for element to be visible, enabled and stable
-   element is visible, enabled and stable
-   scrolling into view if needed
-   done scrolling
-   &amp;lt;div class=&amp;quot;&amp;quot;&amp;gt;…&amp;lt;/div&amp;gt; from &amp;lt;div class=&amp;quot;CustomCookies__CookieStyle-sc-13jxcge-0 jwKIaB&amp;quot;&amp;gt;…&amp;lt;/div&amp;gt; subtree intercepts pointer events
- retrying click action, attempt #37
-   waiting 500ms
-   waiting for element to be visible, enabled and stable
-   element is visible, enabled and stable
-   scrolling into view if needed
-   done scrolling
-   &amp;lt;div class=&amp;quot;&amp;quot;&amp;gt;…&amp;lt;/div&amp;gt; from &amp;lt;div class=&amp;quot;CustomCookies__CookieStyle-sc-13jxcge-0 jwKIaB&amp;quot;&amp;gt;…&amp;lt;/div&amp;gt; subtree intercepts pointer events
- retrying click action, attempt #38
-   waiting 500ms
-   waiting for element to be visible, enabled and stable
-   element is visible, enabled and stable
-   scrolling into view if needed
-   done scrolling
-   &amp;lt;div class=&amp;quot;&amp;quot;&amp;gt;…&amp;lt;/div&amp;gt; from &amp;lt;div class=&amp;quot;CustomCookies__CookieStyle-sc-13jxcge-0 jwKIaB&amp;quot;&amp;gt;…&amp;lt;/div&amp;gt; subtree intercepts pointer events
- retrying click action, attempt #39
-   waiting 500ms
-   waiting for element to be visible, enabled and stable
-   element is visible, enabled and stable
-   scrolling into view if needed
-   done scrolling
-   &amp;lt;div class=&amp;quot;&amp;quot;&amp;gt;…&amp;lt;/div&amp;gt; from &amp;lt;div class=&amp;quot;CustomCookies__CookieStyle-sc-13jxcge-0 jwKIaB&amp;quot;&amp;gt;…&amp;lt;/div&amp;gt; subtree intercepts pointer events
- retrying click action, attempt #40
-   waiting 500ms
-   waiting for element to be visible, enabled and stable
-   element is visible, enabled and stable
-   scrolling into view if needed
-   done scrolling
-   &amp;lt;div class=&amp;quot;&amp;quot;&amp;gt;…&amp;lt;/div&amp;gt; from &amp;lt;div class=&amp;quot;CustomCookies__CookieStyle-sc-13jxcge-0 jwKIaB&amp;quot;&amp;gt;…&amp;lt;/div&amp;gt; subtree intercepts pointer events
- retrying click action, attempt #41
-   waiting 500ms
-   waiting for element to be visible, enabled and stable
-   element is visible, enabled and stable
-   scrolling into view if needed
-   done scrolling
-   &amp;lt;div class=&amp;quot;&amp;quot;&amp;gt;…&amp;lt;/div&amp;gt; from &amp;lt;div class=&amp;quot;CustomCookies__CookieStyle-sc-13jxcge-0 jwKIaB&amp;quot;&amp;gt;…&amp;lt;/div&amp;gt; subtree intercepts pointer events
- retrying click action, attempt #42
-   waiting 500ms
-   waiting for element to be visible, enabled and stable
-   element is visible, enabled and stable
-   scrolling into view if needed
-   done scrolling
-   &amp;lt;div class=&amp;quot;&amp;quot;&amp;gt;…&amp;lt;/div&amp;gt; from &amp;lt;div class=&amp;quot;CustomCookies__CookieStyle-sc-13jxcge-0 jwKIaB&amp;quot;&amp;gt;…&amp;lt;/div&amp;gt; subtree intercepts pointer events
- retrying click action, attempt #43
-   waiting 500ms
-   waiting for element to be visible, enabled and stable
-   element is visible, enabled and stable
-   scrolling into view if needed
-   done scrolling
-   &amp;lt;div class=&amp;quot;&amp;quot;&amp;gt;…&amp;lt;/div&amp;gt; from &amp;lt;div class=&amp;quot;CustomCookies__CookieStyle-sc-13jxcge-0 jwKIaB&amp;quot;&amp;gt;…&amp;lt;/div&amp;gt; subtree intercepts pointer events
- retrying click action, attempt #44
-   waiting 500ms
-   waiting for element to be visible, enabled and stable
-   element is visible, enabled and stable
-   scrolling into view if needed
-   done scrolling
-   &amp;lt;div class=&amp;quot;&amp;quot;&amp;gt;…&amp;lt;/div&amp;gt; from &amp;lt;div class=&amp;quot;CustomCookies__CookieStyle-sc-13jxcge-0 jwKIaB&amp;quot;&amp;gt;…&amp;lt;/div&amp;gt; subtree intercepts pointer events
- retrying click action, attempt #45
-   waiting 500ms
-   waiting for element to be visible, enabled and stable
-   element is visible, enabled and stable
-   scrolling into view if needed
-   done scrolling
-   &amp;lt;div class=&amp;quot;&amp;quot;&amp;gt;…&amp;lt;/div&amp;gt; from &amp;lt;div class=&amp;quot;CustomCookies__CookieStyle-sc-13jxcge-0 jwKIaB&amp;quot;&amp;gt;…&amp;lt;/div&amp;gt; subtree intercepts pointer events
- retrying click action, attempt #46
-   waiting 500ms
-   waiting for element to be visible, enabled and stable
-   element is visible, enabled and stable
-   scrolling into view if needed
-   done scrolling
-   &amp;lt;div class=&amp;quot;&amp;quot;&amp;gt;…&amp;lt;/div&amp;gt; from &amp;lt;div class=&amp;quot;CustomCookies__CookieStyle-sc-13jxcge-0 jwKIaB&amp;quot;&amp;gt;…&amp;lt;/div&amp;gt; subtree intercepts pointer events
- retrying click action, attempt #47
-   waiting 500ms
-   waiting for element to be visible, enabled and stable
-   element is visible, enabled and stable
-   scrolling into view if needed
-   done scrolling
-   &amp;lt;div class=&amp;quot;&amp;quot;&amp;gt;…&amp;lt;/div&amp;gt; from &amp;lt;div class=&amp;quot;CustomCookies__CookieStyle-sc-13jxcge-0 jwKIaB&amp;quot;&amp;gt;…&amp;lt;/div&amp;gt; subtree intercepts pointer events
- retrying click action, attempt #48
-   waiting 500ms
-   waiting for element to be visible, enabled and stable
-   element is visible, enabled and stable
-   scrolling into view if needed
-   done scrolling
-   &amp;lt;div class=&amp;quot;&amp;quot;&amp;gt;…&amp;lt;/div&amp;gt; from &amp;lt;div class=&amp;quot;CustomCookies__CookieStyle-sc-13jxcge-0 jwKIaB&amp;quot;&amp;gt;…&amp;lt;/div&amp;gt; subtree intercepts pointer events
- retrying click action, attempt #49
-   waiting 500ms
-   waiting for element to be visible, enabled and stable
-   element is visible, enabled and stable
-   scrolling into view if needed
-   done scrolling
-   &amp;lt;div class=&amp;quot;&amp;quot;&amp;gt;…&amp;lt;/div&amp;gt; from &amp;lt;div class=&amp;quot;CustomCookies__CookieStyle-sc-13jxcge-0 jwKIaB&amp;quot;&amp;gt;…&amp;lt;/div&amp;gt; subtree intercepts pointer events
- retrying click action, attempt #50
-   waiting 500ms
-   waiting for element to be visible, enabled and stable
-   element is visible, enabled and stable
-   scrolling into view if needed
-   done scrolling
-   &amp;lt;div class=&amp;quot;&amp;quot;&amp;gt;…&amp;lt;/div&amp;gt; from &amp;lt;div class=&amp;quot;CustomCookies__CookieStyle-sc-13jxcge-0 jwKIaB&amp;quot;&amp;gt;…&amp;lt;/div&amp;gt; subtree intercepts pointer events
- retrying click action, attempt #51
-   waiting 500ms
-   waiting for element to be visible, enabled and stable
-   element is visible, enabled and stable
-   scrolling into view if needed
-   done scrolling
-   &amp;lt;div class=&amp;quot;&amp;quot;&amp;gt;…&amp;lt;/div&amp;gt; from &amp;lt;div class=&amp;quot;CustomCookies__CookieStyle-sc-13jxcge-0 jwKIaB&amp;quot;&amp;gt;…&amp;lt;/div&amp;gt; subtree intercepts pointer events
- retrying click action, attempt #52
-   waiting 500ms
-   waiting for element to be visible, enabled and stable
-   element is visible, enabled and stable
-   scrolling into view if needed
-   done scrolling
-   &amp;lt;div class=&amp;quot;&amp;quot;&amp;gt;…&amp;lt;/div&amp;gt; from &amp;lt;div class=&amp;quot;CustomCookies__CookieStyle-sc-13jxcge-0 jwKIaB&amp;quot;&amp;gt;…&amp;lt;/div&amp;gt; subtree intercepts pointer events
- retrying click action, attempt #53
-   waiting 500ms
-   waiting for element to be visible, enabled and stable
-   element is visible, enabled and stable
-   scrolling into view if needed
-   done scrolling
-   &amp;lt;div class=&amp;quot;&amp;quot;&amp;gt;…&amp;lt;/div&amp;gt; from &amp;lt;div class=&amp;quot;CustomCookies__CookieStyle-sc-13jxcge-0 jwKIaB&amp;quot;&amp;gt;…&amp;lt;/div&amp;gt; subtree intercepts pointer events
- retrying click action, attempt #54
-   waiting 500ms
-   waiting for element to be visible, enabled and stable
-   element is visible, enabled and stable
-   scrolling into view if needed
-   done scrolling
-   &amp;lt;div class=&amp;quot;&amp;quot;&amp;gt;…&amp;lt;/div&amp;gt; from &amp;lt;div class=&amp;quot;CustomCookies__CookieStyle-sc-13jxcge-0 jwKIaB&amp;quot;&amp;gt;…&amp;lt;/div&amp;gt; subtree intercepts pointer events
- retrying click action, attempt #55
-   waiting 500ms
-   waiting for element to be visible, enabled and stable
-   element is visible, enabled and stable
-   scrolling into view if needed
-   done scrolling
-   &amp;lt;div class=&amp;quot;&amp;quot;&amp;gt;…&amp;lt;/div&amp;gt; from &amp;lt;div class=&amp;quot;CustomCookies__CookieStyle-sc-13jxcge-0 jwKIaB&amp;quot;&amp;gt;…&amp;lt;/div&amp;gt; subtree intercepts pointer events
- retrying click action, attempt #56
-   waiting 500ms
-   waiting for element to be visible, enabled and stable
-   element is visible, enabled and stable
-   scrolling into view if needed
-   done scrolling
-   &amp;lt;div class=&amp;quot;&amp;quot;&amp;gt;…&amp;lt;/div&amp;gt; from &amp;lt;div class=&amp;quot;CustomCookies__CookieStyle-sc-13jxcge-0 jwKIaB&amp;quot;&amp;gt;…&amp;lt;/div&amp;gt; subtree intercepts pointer events
- retrying click action, attempt #57
-   waiting 500ms
-   waiting for element to be visible, enabled and stable
-   element is visible, enabled and stable
-   scrolling into view if needed
-   done scrolling
-   &amp;lt;div class=&amp;quot;&amp;quot;&amp;gt;…&amp;lt;/div&amp;gt; from &amp;lt;div class=&amp;quot;CustomCookies__CookieStyle-sc-13jxcge-0 jwKIaB&amp;quot;&amp;gt;…&amp;lt;/div&amp;gt; subtree intercepts pointer events
- retrying click action, attempt #58
-   waiting 500ms
-   waiting for element to be visible, enabled and stable
-   element is visible, enabled and stable
-   scrolling into view if needed
-   done scrolling
-   &amp;lt;div class=&amp;quot;&amp;quot;&amp;gt;…&amp;lt;/div&amp;gt; from &amp;lt;div class=&amp;quot;CustomCookies__CookieStyle-sc-13jxcge-0 jwKIaB&amp;quot;&amp;gt;…&amp;lt;/div&amp;gt; subtree intercepts pointer events
- retrying click action, attempt #59
-   waiting 500ms
">
      <![CDATA[com.microsoft.playwright.TimeoutError: Error {
  message='Timeout 30000ms exceeded.
  name='TimeoutError
  stack='TimeoutError: Timeout 30000ms exceeded.
    at ProgressController.run (C:\Users\benny\AppData\Local\Temp\playwright-java-3978859546058696180\package\lib\server\progress.js:78:26)
    at ElementHandle.click (C:\Users\benny\AppData\Local\Temp\playwright-java-3978859546058696180\package\lib\server\dom.js:450:23)
    at ElementHandleDispatcher.click (C:\Users\benny\AppData\Local\Temp\playwright-java-3978859546058696180\package\lib\server\dispatchers\elementHandlerDispatcher.js:127:38)
    at ElementHandleDispatcher._handleCommand (C:\Users\benny\AppData\Local\Temp\playwright-java-3978859546058696180\package\lib\server\dispatchers\dispatcher.js:94:40)
    at DispatcherConnection.dispatch (C:\Users\benny\AppData\Local\Temp\playwright-java-3978859546058696180\package\lib\server\dispatchers\dispatcher.js:361:39)
}
Call log:
- attempting click action
-   waiting for element to be visible, enabled and stable
-   element is visible, enabled and stable
-   scrolling into view if needed
-   done scrolling
-   <div class="">…</div> from <div class="CustomCookies__CookieStyle-sc-13jxcge-0 jwKIaB">…</div> subtree intercepts pointer events
- retrying click action, attempt #1
-   waiting for element to be visible, enabled and stable
-   element is visible, enabled and stable
-   scrolling into view if needed
-   done scrolling
-   <div class="">…</div> from <div class="CustomCookies__CookieStyle-sc-13jxcge-0 jwKIaB">…</div> subtree intercepts pointer events
- retrying click action, attempt #2
-   waiting 20ms
-   waiting for element to be visible, enabled and stable
-   element is visible, enabled and stable
-   scrolling into view if needed
-   done scrolling
-   performing click action
-   <div class="js-image-zoom__zoomed-area"></div> from <div class="DetailSlider__StyledSlider-sc-y0uv3n-0 jWfzsU detail-slider-wrap">…</div> subtree intercepts pointer events
- retrying click action, attempt #3
-   waiting 100ms
-   waiting for element to be visible, enabled and stable
-   element is visible, enabled and stable
-   scrolling into view if needed
-   done scrolling
-   <div class="">…</div> from <div class="CustomCookies__CookieStyle-sc-13jxcge-0 jwKIaB">…</div> subtree intercepts pointer events
- retrying click action, attempt #4
-   waiting 100ms
-   waiting for element to be visible, enabled and stable
-   element is visible, enabled and stable
-   scrolling into view if needed
-   done scrolling
-   <div class="">…</div> from <div class="CustomCookies__CookieStyle-sc-13jxcge-0 jwKIaB">…</div> subtree intercepts pointer events
- retrying click action, attempt #5
-   waiting 500ms
-   waiting for element to be visible, enabled and stable
-   element is visible, enabled and stable
-   scrolling into view if needed
-   done scrolling
-   <div class="">…</div> from <div class="CustomCookies__CookieStyle-sc-13jxcge-0 jwKIaB">…</div> subtree intercepts pointer events
- retrying click action, attempt #6
-   waiting 500ms
-   waiting for element to be visible, enabled and stable
-   element is visible, enabled and stable
-   scrolling into view if needed
-   done scrolling
-   <div class="">…</div> from <div class="CustomCookies__CookieStyle-sc-13jxcge-0 jwKIaB">…</div> subtree intercepts pointer events
- retrying click action, attempt #7
-   waiting 500ms
-   waiting for element to be visible, enabled and stable
-   element is visible, enabled and stable
-   scrolling into view if needed
-   done scrolling
-   <div class="">…</div> from <div class="CustomCookies__CookieStyle-sc-13jxcge-0 jwKIaB">…</div> subtree intercepts pointer events
- retrying click action, attempt #8
-   waiting 500ms
-   waiting for element to be visible, enabled and stable
-   element is visible, enabled and stable
-   scrolling into view if needed
-   done scrolling
-   <div class="">…</div> from <div class="CustomCookies__CookieStyle-sc-13jxcge-0 jwKIaB">…</div> subtree intercepts pointer events
- retrying click action, attempt #9
-   waiting 500ms
-   waiting for element to be visible, enabled and stable
-   element is visible, enabled and stable
-   scrolling into view if needed
-   done scrolling
-   <div class="">…</div> from <div class="CustomCookies__CookieStyle-sc-13jxcge-0 jwKIaB">…</div> subtree intercepts pointer events
- retrying click action, attempt #10
-   waiting 500ms
-   waiting for element to be visible, enabled and stable
-   element is visible, enabled and stable
-   scrolling into view if needed
-   done scrolling
-   <div class="">…</div> from <div class="CustomCookies__CookieStyle-sc-13jxcge-0 jwKIaB">…</div> subtree intercepts pointer events
- retrying click action, attempt #11
-   waiting 500ms
-   waiting for element to be visible, enabled and stable
-   element is visible, enabled and stable
-   scrolling into view if needed
-   done scrolling
-   <div class="">…</div> from <div class="CustomCookies__CookieStyle-sc-13jxcge-0 jwKIaB">…</div> subtree intercepts pointer events
- retrying click action, attempt #12
-   waiting 500ms
-   waiting for element to be visible, enabled and stable
-   element is visible, enabled and stable
-   scrolling into view if needed
-   done scrolling
-   <div class="">…</div> from <div class="CustomCookies__CookieStyle-sc-13jxcge-0 jwKIaB">…</div> subtree intercepts pointer events
- retrying click action, attempt #13
-   waiting 500ms
-   waiting for element to be visible, enabled and stable
-   element is visible, enabled and stable
-   scrolling into view if needed
-   done scrolling
-   <div class="">…</div> from <div class="CustomCookies__CookieStyle-sc-13jxcge-0 jwKIaB">…</div> subtree intercepts pointer events
- retrying click action, attempt #14
-   waiting 500ms
-   waiting for element to be visible, enabled and stable
-   element is visible, enabled and stable
-   scrolling into view if needed
-   done scrolling
-   <div class="">…</div> from <div class="CustomCookies__CookieStyle-sc-13jxcge-0 jwKIaB">…</div> subtree intercepts pointer events
- retrying click action, attempt #15
-   waiting 500ms
-   waiting for element to be visible, enabled and stable
-   element is visible, enabled and stable
-   scrolling into view if needed
-   done scrolling
-   <div class="">…</div> from <div class="CustomCookies__CookieStyle-sc-13jxcge-0 jwKIaB">…</div> subtree intercepts pointer events
- retrying click action, attempt #16
-   waiting 500ms
-   waiting for element to be visible, enabled and stable
-   element is visible, enabled and stable
-   scrolling into view if needed
-   done scrolling
-   <div class="">…</div> from <div class="CustomCookies__CookieStyle-sc-13jxcge-0 jwKIaB">…</div> subtree intercepts pointer events
- retrying click action, attempt #17
-   waiting 500ms
-   waiting for element to be visible, enabled and stable
-   element is visible, enabled and stable
-   scrolling into view if needed
-   done scrolling
-   <div class="">…</div> from <div class="CustomCookies__CookieStyle-sc-13jxcge-0 jwKIaB">…</div> subtree intercepts pointer events
- retrying click action, attempt #18
-   waiting 500ms
-   waiting for element to be visible, enabled and stable
-   element is visible, enabled and stable
-   scrolling into view if needed
-   done scrolling
-   <div class="">…</div> from <div class="CustomCookies__CookieStyle-sc-13jxcge-0 jwKIaB">…</div> subtree intercepts pointer events
- retrying click action, attempt #19
-   waiting 500ms
-   waiting for element to be visible, enabled and stable
-   element is visible, enabled and stable
-   scrolling into view if needed
-   done scrolling
-   <div class="">…</div> from <div class="CustomCookies__CookieStyle-sc-13jxcge-0 jwKIaB">…</div> subtree intercepts pointer events
- retrying click action, attempt #20
-   waiting 500ms
-   waiting for element to be visible, enabled and stable
-   element is visible, enabled and stable
-   scrolling into view if needed
-   done scrolling
-   <div class="">…</div> from <div class="CustomCookies__CookieStyle-sc-13jxcge-0 jwKIaB">…</div> subtree intercepts pointer events
- retrying click action, attempt #21
-   waiting 500ms
-   waiting for element to be visible, enabled and stable
-   element is visible, enabled and stable
-   scrolling into view if needed
-   done scrolling
-   <div class="">…</div> from <div class="CustomCookies__CookieStyle-sc-13jxcge-0 jwKIaB">…</div> subtree intercepts pointer events
- retrying click action, attempt #22
-   waiting 500ms
-   waiting for element to be visible, enabled and stable
-   element is visible, enabled and stable
-   scrolling into view if needed
-   done scrolling
-   <div class="">…</div> from <div class="CustomCookies__CookieStyle-sc-13jxcge-0 jwKIaB">…</div> subtree intercepts pointer events
- retrying click action, attempt #23
-   waiting 500ms
-   waiting for element to be visible, enabled and stable
-   element is visible, enabled and stable
-   scrolling into view if needed
-   done scrolling
-   <div class="">…</div> from <div class="CustomCookies__CookieStyle-sc-13jxcge-0 jwKIaB">…</div> subtree intercepts pointer events
- retrying click action, attempt #24
-   waiting 500ms
-   waiting for element to be visible, enabled and stable
-   element is visible, enabled and stable
-   scrolling into view if needed
-   done scrolling
-   <div class="">…</div> from <div class="CustomCookies__CookieStyle-sc-13jxcge-0 jwKIaB">…</div> subtree intercepts pointer events
- retrying click action, attempt #25
-   waiting 500ms
-   waiting for element to be visible, enabled and stable
-   element is visible, enabled and stable
-   scrolling into view if needed
-   done scrolling
-   <div class="">…</div> from <div class="CustomCookies__CookieStyle-sc-13jxcge-0 jwKIaB">…</div> subtree intercepts pointer events
- retrying click action, attempt #26
-   waiting 500ms
-   waiting for element to be visible, enabled and stable
-   element is visible, enabled and stable
-   scrolling into view if needed
-   done scrolling
-   <div class="">…</div> from <div class="CustomCookies__CookieStyle-sc-13jxcge-0 jwKIaB">…</div> subtree intercepts pointer events
- retrying click action, attempt #27
-   waiting 500ms
-   waiting for element to be visible, enabled and stable
-   element is visible, enabled and stable
-   scrolling into view if needed
-   done scrolling
-   <div class="">…</div> from <div class="CustomCookies__CookieStyle-sc-13jxcge-0 jwKIaB">…</div> subtree intercepts pointer events
- retrying click action, attempt #28
-   waiting 500ms
-   waiting for element to be visible, enabled and stable
-   element is visible, enabled and stable
-   scrolling into view if needed
-   done scrolling
-   <div class="">…</div> from <div class="CustomCookies__CookieStyle-sc-13jxcge-0 jwKIaB">…</div> subtree intercepts pointer events
- retrying click action, attempt #29
-   waiting 500ms
-   waiting for element to be visible, enabled and stable
-   element is visible, enabled and stable
-   scrolling into view if needed
-   done scrolling
-   <div class="">…</div> from <div class="CustomCookies__CookieStyle-sc-13jxcge-0 jwKIaB">…</div> subtree intercepts pointer events
- retrying click action, attempt #30
-   waiting 500ms
-   waiting for element to be visible, enabled and stable
-   element is visible, enabled and stable
-   scrolling into view if needed
-   done scrolling
-   <div class="">…</div> from <div class="CustomCookies__CookieStyle-sc-13jxcge-0 jwKIaB">…</div> subtree intercepts pointer events
- retrying click action, attempt #31
-   waiting 500ms
-   waiting for element to be visible, enabled and stable
-   element is visible, enabled and stable
-   scrolling into view if needed
-   done scrolling
-   <div class="">…</div> from <div class="CustomCookies__CookieStyle-sc-13jxcge-0 jwKIaB">…</div> subtree intercepts pointer events
- retrying click action, attempt #32
-   waiting 500ms
-   waiting for element to be visible, enabled and stable
-   element is visible, enabled and stable
-   scrolling into view if needed
-   done scrolling
-   <div class="">…</div> from <div class="CustomCookies__CookieStyle-sc-13jxcge-0 jwKIaB">…</div> subtree intercepts pointer events
- retrying click action, attempt #33
-   waiting 500ms
-   waiting for element to be visible, enabled and stable
-   element is visible, enabled and stable
-   scrolling into view if needed
-   done scrolling
-   <div class="">…</div> from <div class="CustomCookies__CookieStyle-sc-13jxcge-0 jwKIaB">…</div> subtree intercepts pointer events
- retrying click action, attempt #34
-   waiting 500ms
-   waiting for element to be visible, enabled and stable
-   element is visible, enabled and stable
-   scrolling into view if needed
-   done scrolling
-   <div class="">…</div> from <div class="CustomCookies__CookieStyle-sc-13jxcge-0 jwKIaB">…</div> subtree intercepts pointer events
- retrying click action, attempt #35
-   waiting 500ms
-   waiting for element to be visible, enabled and stable
-   element is visible, enabled and stable
-   scrolling into view if needed
-   done scrolling
-   <div class="">…</div> from <div class="CustomCookies__CookieStyle-sc-13jxcge-0 jwKIaB">…</div> subtree intercepts pointer events
- retrying click action, attempt #36
-   waiting 500ms
-   waiting for element to be visible, enabled and stable
-   element is visible, enabled and stable
-   scrolling into view if needed
-   done scrolling
-   <div class="">…</div> from <div class="CustomCookies__CookieStyle-sc-13jxcge-0 jwKIaB">…</div> subtree intercepts pointer events
- retrying click action, attempt #37
-   waiting 500ms
-   waiting for element to be visible, enabled and stable
-   element is visible, enabled and stable
-   scrolling into view if needed
-   done scrolling
-   <div class="">…</div> from <div class="CustomCookies__CookieStyle-sc-13jxcge-0 jwKIaB">…</div> subtree intercepts pointer events
- retrying click action, attempt #38
-   waiting 500ms
-   waiting for element to be visible, enabled and stable
-   element is visible, enabled and stable
-   scrolling into view if needed
-   done scrolling
-   <div class="">…</div> from <div class="CustomCookies__CookieStyle-sc-13jxcge-0 jwKIaB">…</div> subtree intercepts pointer events
- retrying click action, attempt #39
-   waiting 500ms
-   waiting for element to be visible, enabled and stable
-   element is visible, enabled and stable
-   scrolling into view if needed
-   done scrolling
-   <div class="">…</div> from <div class="CustomCookies__CookieStyle-sc-13jxcge-0 jwKIaB">…</div> subtree intercepts pointer events
- retrying click action, attempt #40
-   waiting 500ms
-   waiting for element to be visible, enabled and stable
-   element is visible, enabled and stable
-   scrolling into view if needed
-   done scrolling
-   <div class="">…</div> from <div class="CustomCookies__CookieStyle-sc-13jxcge-0 jwKIaB">…</div> subtree intercepts pointer events
- retrying click action, attempt #41
-   waiting 500ms
-   waiting for element to be visible, enabled and stable
-   element is visible, enabled and stable
-   scrolling into view if needed
-   done scrolling
-   <div class="">…</div> from <div class="CustomCookies__CookieStyle-sc-13jxcge-0 jwKIaB">…</div> subtree intercepts pointer events
- retrying click action, attempt #42
-   waiting 500ms
-   waiting for element to be visible, enabled and stable
-   element is visible, enabled and stable
-   scrolling into view if needed
-   done scrolling
-   <div class="">…</div> from <div class="CustomCookies__CookieStyle-sc-13jxcge-0 jwKIaB">…</div> subtree intercepts pointer events
- retrying click action, attempt #43
-   waiting 500ms
-   waiting for element to be visible, enabled and stable
-   element is visible, enabled and stable
-   scrolling into view if needed
-   done scrolling
-   <div class="">…</div> from <div class="CustomCookies__CookieStyle-sc-13jxcge-0 jwKIaB">…</div> subtree intercepts pointer events
- retrying click action, attempt #44
-   waiting 500ms
-   waiting for element to be visible, enabled and stable
-   element is visible, enabled and stable
-   scrolling into view if needed
-   done scrolling
-   <div class="">…</div> from <div class="CustomCookies__CookieStyle-sc-13jxcge-0 jwKIaB">…</div> subtree intercepts pointer events
- retrying click action, attempt #45
-   waiting 500ms
-   waiting for element to be visible, enabled and stable
-   element is visible, enabled and stable
-   scrolling into view if needed
-   done scrolling
-   <div class="">…</div> from <div class="CustomCookies__CookieStyle-sc-13jxcge-0 jwKIaB">…</div> subtree intercepts pointer events
- retrying click action, attempt #46
-   waiting 500ms
-   waiting for element to be visible, enabled and stable
-   element is visible, enabled and stable
-   scrolling into view if needed
-   done scrolling
-   <div class="">…</div> from <div class="CustomCookies__CookieStyle-sc-13jxcge-0 jwKIaB">…</div> subtree intercepts pointer events
- retrying click action, attempt #47
-   waiting 500ms
-   waiting for element to be visible, enabled and stable
-   element is visible, enabled and stable
-   scrolling into view if needed
-   done scrolling
-   <div class="">…</div> from <div class="CustomCookies__CookieStyle-sc-13jxcge-0 jwKIaB">…</div> subtree intercepts pointer events
- retrying click action, attempt #48
-   waiting 500ms
-   waiting for element to be visible, enabled and stable
-   element is visible, enabled and stable
-   scrolling into view if needed
-   done scrolling
-   <div class="">…</div> from <div class="CustomCookies__CookieStyle-sc-13jxcge-0 jwKIaB">…</div> subtree intercepts pointer events
- retrying click action, attempt #49
-   waiting 500ms
-   waiting for element to be visible, enabled and stable
-   element is visible, enabled and stable
-   scrolling into view if needed
-   done scrolling
-   <div class="">…</div> from <div class="CustomCookies__CookieStyle-sc-13jxcge-0 jwKIaB">…</div> subtree intercepts pointer events
- retrying click action, attempt #50
-   waiting 500ms
-   waiting for element to be visible, enabled and stable
-   element is visible, enabled and stable
-   scrolling into view if needed
-   done scrolling
-   <div class="">…</div> from <div class="CustomCookies__CookieStyle-sc-13jxcge-0 jwKIaB">…</div> subtree intercepts pointer events
- retrying click action, attempt #51
-   waiting 500ms
-   waiting for element to be visible, enabled and stable
-   element is visible, enabled and stable
-   scrolling into view if needed
-   done scrolling
-   <div class="">…</div> from <div class="CustomCookies__CookieStyle-sc-13jxcge-0 jwKIaB">…</div> subtree intercepts pointer events
- retrying click action, attempt #52
-   waiting 500ms
-   waiting for element to be visible, enabled and stable
-   element is visible, enabled and stable
-   scrolling into view if needed
-   done scrolling
-   <div class="">…</div> from <div class="CustomCookies__CookieStyle-sc-13jxcge-0 jwKIaB">…</div> subtree intercepts pointer events
- retrying click action, attempt #53
-   waiting 500ms
-   waiting for element to be visible, enabled and stable
-   element is visible, enabled and stable
-   scrolling into view if needed
-   done scrolling
-   <div class="">…</div> from <div class="CustomCookies__CookieStyle-sc-13jxcge-0 jwKIaB">…</div> subtree intercepts pointer events
- retrying click action, attempt #54
-   waiting 500ms
-   waiting for element to be visible, enabled and stable
-   element is visible, enabled and stable
-   scrolling into view if needed
-   done scrolling
-   <div class="">…</div> from <div class="CustomCookies__CookieStyle-sc-13jxcge-0 jwKIaB">…</div> subtree intercepts pointer events
- retrying click action, attempt #55
-   waiting 500ms
-   waiting for element to be visible, enabled and stable
-   element is visible, enabled and stable
-   scrolling into view if needed
-   done scrolling
-   <div class="">…</div> from <div class="CustomCookies__CookieStyle-sc-13jxcge-0 jwKIaB">…</div> subtree intercepts pointer events
- retrying click action, attempt #56
-   waiting 500ms
-   waiting for element to be visible, enabled and stable
-   element is visible, enabled and stable
-   scrolling into view if needed
-   done scrolling
-   <div class="">…</div> from <div class="CustomCookies__CookieStyle-sc-13jxcge-0 jwKIaB">…</div> subtree intercepts pointer events
- retrying click action, attempt #57
-   waiting 500ms
-   waiting for element to be visible, enabled and stable
-   element is visible, enabled and stable
-   scrolling into view if needed
-   done scrolling
-   <div class="">…</div> from <div class="CustomCookies__CookieStyle-sc-13jxcge-0 jwKIaB">…</div> subtree intercepts pointer events
- retrying click action, attempt #58
-   waiting 500ms
-   waiting for element to be visible, enabled and stable
-   element is visible, enabled and stable
-   scrolling into view if needed
-   done scrolling
-   <div class="">…</div> from <div class="CustomCookies__CookieStyle-sc-13jxcge-0 jwKIaB">…</div> subtree intercepts pointer events
- retrying click action, attempt #59
-   waiting 500ms

at com.microsoft.playwright.impl.WaitableResult.get(WaitableResult.java:52)
at com.microsoft.playwright.impl.ChannelOwner.runUntil(ChannelOwner.java:120)
at com.microsoft.playwright.impl.Connection.sendMessage(Connection.java:130)
at com.microsoft.playwright.impl.ChannelOwner.sendMessage(ChannelOwner.java:106)
at com.microsoft.playwright.impl.ElementHandleImpl.clickImpl(ElementHandleImpl.java:144)
at com.microsoft.playwright.impl.ElementHandleImpl.lambda$click$6(ElementHandleImpl.java:136)
at com.microsoft.playwright.impl.LoggingSupport.lambda$withLogging$0(LoggingSupport.java:36)
at com.microsoft.playwright.impl.LoggingSupport.withLogging(LoggingSupport.java:47)
at com.microsoft.playwright.impl.ChannelOwner.withLogging(ChannelOwner.java:89)
at com.microsoft.playwright.impl.LoggingSupport.withLogging(LoggingSupport.java:35)
at com.microsoft.playwright.impl.ElementHandleImpl.click(ElementHandleImpl.java:136)
at com.microsoft.playwright.ElementHandle.click(ElementHandle.java:1339)
at Pickaboo.MouseHover.mouseHover(MouseHover.java:64)
at java.base/jdk.internal.reflect.DirectMethodHandleAccessor.invoke(DirectMethodHandleAccessor.java:103)
at java.base/java.lang.reflect.Method.invoke(Method.java:580)
at org.testng.internal.invokers.MethodInvocationHelper.invokeMethod(MethodInvocationHelper.java:141)
at org.testng.internal.invokers.TestInvoker.invokeMethod(TestInvoker.java:686)
at org.testng.internal.invokers.TestInvoker.invokeTestMethod(TestInvoker.java:230)
at org.testng.internal.invokers.MethodRunner.runInSequence(MethodRunner.java:63)
at org.testng.internal.invokers.TestInvoker$MethodInvocationAgent.invoke(TestInvoker.java:992)
at org.testng.internal.invokers.TestInvoker.invokeTestMethods(TestInvoker.java:203)
at org.testng.internal.invokers.TestMethodWorker.invokeTestMethods(TestMethodWorker.java:154)
at org.testng.internal.invokers.TestMethodWorker.run(TestMethodWorker.java:134)
at java.base/java.util.ArrayList.forEach(ArrayList.java:1596)
at org.testng.TestRunner.privateRun(TestRunner.java:739)
at org.testng.TestRunner.run(TestRunner.java:614)
at org.testng.SuiteRunner.runTest(SuiteRunner.java:421)
at org.testng.SuiteRunner.runSequentially(SuiteRunner.java:413)
at org.testng.SuiteRunner.privateRun(SuiteRunner.java:373)
at org.testng.SuiteRunner.run(SuiteRunner.java:312)
at org.testng.SuiteRunnerWorker.runSuite(SuiteRunnerWorker.java:52)
at org.testng.SuiteRunnerWorker.run(SuiteRunnerWorker.java:95)
at org.testng.TestNG.runSuitesSequentially(TestNG.java:1274)
at org.testng.TestNG.runSuitesLocally(TestNG.java:1208)
at org.testng.TestNG.runSuites(TestNG.java:1112)
at org.testng.TestNG.run(TestNG.java:1079)
at org.testng.remote.AbstractRemoteTestNG.run(AbstractRemoteTestNG.java:115)
at org.testng.remote.RemoteTestNG.initAndRun(RemoteTestNG.java:293)
at org.testng.remote.RemoteTestNG.main(RemoteTestNG.java:91)
Caused by: com.microsoft.playwright.TimeoutError: Error {
  message='Timeout 30000ms exceeded.
  name='TimeoutError
  stack='TimeoutError: Timeout 30000ms exceeded.
    at ProgressController.run (C:\Users\benny\AppData\Local\Temp\playwright-java-3978859546058696180\package\lib\server\progress.js:78:26)
    at ElementHandle.click (C:\Users\benny\AppData\Local\Temp\playwright-java-3978859546058696180\package\lib\server\dom.js:450:23)
    at ElementHandleDispatcher.click (C:\Users\benny\AppData\Local\Temp\playwright-java-3978859546058696180\package\lib\server\dispatchers\elementHandlerDispatcher.js:127:38)
    at ElementHandleDispatcher._handleCommand (C:\Users\benny\AppData\Local\Temp\playwright-java-3978859546058696180\package\lib\server\dispatchers\dispatcher.js:94:40)
    at DispatcherConnection.dispatch (C:\Users\benny\AppData\Local\Temp\playwright-java-3978859546058696180\package\lib\server\dispatchers\dispatcher.js:361:39)
}
Call log:
- attempting click action
-   waiting for element to be visible, enabled and stable
-   element is visible, enabled and stable
-   scrolling into view if needed
-   done scrolling
-   <div class="">…</div> from <div class="CustomCookies__CookieStyle-sc-13jxcge-0 jwKIaB">…</div> subtree intercepts pointer events
- retrying click action, attempt #1
-   waiting for element to be visible, enabled and stable
-   element is visible, enabled and stable
-   scrolling into view if needed
-   done scrolling
-   <div class="">…</div> from <div class="CustomCookies__CookieStyle-sc-13jxcge-0 jwKIaB">…</div> subtree intercepts pointer events
- retrying click action, attempt #2
-   waiting 20ms
-   waiting for element to be visible, enabled and stable
-   element is visible, enabled and stable
-   scrolling into view if needed
-   done scrolling
-   performing click action
-   <div class="js-image-zoom__zoomed-area"></div> from <div class="DetailSlider__StyledSlider-sc-y0uv3n-0 jWfzsU detail-slider-wrap">…</div> subtree intercepts pointer events
- retrying click action, attempt #3
-   waiting 100ms
-   waiting for element to be visible, enabled and stable
-   element is visible, enabled and stable
-   scrolling into view if needed
-   done scrolling
-   <div class="">…</div> from <div class="CustomCookies__CookieStyle-sc-13jxcge-0 jwKIaB">…</div> subtree intercepts pointer events
- retrying click action, attempt #4
-   waiting 100ms
-   waiting for element to be visible, enabled and stable
-   element is visible, enabled and stable
-   scrolling into view if needed
-   done scrolling
-   <div class="">…</div> from <div class="CustomCookies__CookieStyle-sc-13jxcge-0 jwKIaB">…</div> subtree intercepts pointer events
- retrying click action, attempt #5
-   waiting 500ms
-   waiting for element to be visible, enabled and stable
-   element is visible, enabled and stable
-   scrolling into view if needed
-   done scrolling
-   <div class="">…</div> from <div class="CustomCookies__CookieStyle-sc-13jxcge-0 jwKIaB">…</div> subtree intercepts pointer events
- retrying click action, attempt #6
-   waiting 500ms
-   waiting for element to be visible, enabled and stable
-   element is visible, enabled and stable
-   scrolling into view if needed
-   done scrolling
-   <div class="">…</div> from <div class="CustomCookies__CookieStyle-sc-13jxcge-0 jwKIaB">…</div> subtree intercepts pointer events
- retrying click action, attempt #7
-   waiting 500ms
-   waiting for element to be visible, enabled and stable
-   element is visible, enabled and stable
-   scrolling into view if needed
-   done scrolling
-   <div class="">…</div> from <div class="CustomCookies__CookieStyle-sc-13jxcge-0 jwKIaB">…</div> subtree intercepts pointer events
- retrying click action, attempt #8
-   waiting 500ms
-   waiting for element to be visible, enabled and stable
-   element is visible, enabled and stable
-   scrolling into view if needed
-   done scrolling
-   <div class="">…</div> from <div class="CustomCookies__CookieStyle-sc-13jxcge-0 jwKIaB">…</div> subtree intercepts pointer events
- retrying click action, attempt #9
-   waiting 500ms
-   waiting for element to be visible, enabled and stable
-   element is visible, enabled and stable
-   scrolling into view if needed
-   done scrolling
-   <div class="">…</div> from <div class="CustomCookies__CookieStyle-sc-13jxcge-0 jwKIaB">…</div> subtree intercepts pointer events
- retrying click action, attempt #10
-   waiting 500ms
-   waiting for element to be visible, enabled and stable
-   element is visible, enabled and stable
-   scrolling into view if needed
-   done scrolling
-   <div class="">…</div> from <div class="CustomCookies__CookieStyle-sc-13jxcge-0 jwKIaB">…</div> subtree intercepts pointer events
- retrying click action, attempt #11
-   waiting 500ms
-   waiting for element to be visible, enabled and stable
-   element is visible, enabled and stable
-   scrolling into view if needed
-   done scrolling
-   <div class="">…</div> from <div class="CustomCookies__CookieStyle-sc-13jxcge-0 jwKIaB">…</div> subtree intercepts pointer events
- retrying click action, attempt #12
-   waiting 500ms
-   waiting for element to be visible, enabled and stable
-   element is visible, enabled and stable
-   scrolling into view if needed
-   done scrolling
-   <div class="">…</div> from <div class="CustomCookies__CookieStyle-sc-13jxcge-0 jwKIaB">…</div> subtree intercepts pointer events
- retrying click action, attempt #13
-   waiting 500ms
-   waiting for element to be visible, enabled and stable
-   element is visible, enabled and stable
-   scrolling into view if needed
-   done scrolling
-   <div class="">…</div> from <div class="CustomCookies__CookieStyle-sc-13jxcge-0 jwKIaB">…</div> subtree intercepts pointer events
- retrying click action, attempt #14
-   waiting 500ms
-   waiting for element to be visible, enabled and stable
-   element is visible, enabled and stable
-   scrolling into view if needed
-   done scrolling
-   <div class="">…</div> from <div class="CustomCookies__CookieStyle-sc-13jxcge-0 jwKIaB">…</div> subtree intercepts pointer events
- retrying click action, attempt #15
-   waiting 500ms
-   waiting for element to be visible, enabled and stable
-   element is visible, enabled and stable
-   scrolling into view if needed
-   done scrolling
-   <div class="">…</div> from <div class="CustomCookies__CookieStyle-sc-13jxcge-0 jwKIaB">…</div> subtree intercepts pointer events
- retrying click action, attempt #16
-   waiting 500ms
-   waiting for element to be visible, enabled and stable
-   element is visible, enabled and stable
-   scrolling into view if needed
-   done scrolling
-   <div class="">…</div> from <div class="CustomCookies__CookieStyle-sc-13jxcge-0 jwKIaB">…</div> subtree intercepts pointer events
- retrying click action, attempt #17
-   waiting 500ms
-   waiting for element to be visible, enabled and stable
-   element is visible, enabled and stable
-   scrolling into view if needed
-   done scrolling
-   <div class="">…</div> from <div class="CustomCookies__CookieStyle-sc-13jxcge-0 jwKIaB">…</div> subtree intercepts pointer events
- retrying click action, attempt #18
-   waiting 500ms
-   waiting for element to be visible, enabled and stable
-   element is visible, enabled and stable
-   scrolling into view if needed
-   done scrolling
-   <div class="">…</div> from <div class="CustomCookies__CookieStyle-sc-13jxcge-0 jwKIaB">…</div> subtree intercepts pointer events
- retrying click action, attempt #19
-   waiting 500ms
-   waiting for element to be visible, enabled and stable
-   element is visible, enabled and stable
-   scrolling into view if needed
-   done scrolling
-   <div class="">…</div> from <div class="CustomCookies__CookieStyle-sc-13jxcge-0 jwKIaB">…</div> subtree intercepts pointer events
- retrying click action, attempt #20
-   waiting 500ms
-   waiting for element to be visible, enabled and stable
-   element is visible, enabled and stable
-   scrolling into view if needed
-   done scrolling
-   <div class="">…</div> from <div class="CustomCookies__CookieStyle-sc-13jxcge-0 jwKIaB">…</div> subtree intercepts pointer events
- retrying click action, attempt #21
-   waiting 500ms
-   waiting for element to be visible, enabled and stable
-   element is visible, enabled and stable
-   scrolling into view if needed
-   done scrolling
-   <div class="">…</div> from <div class="CustomCookies__CookieStyle-sc-13jxcge-0 jwKIaB">…</div> subtree intercepts pointer events
- retrying click action, attempt #22
-   waiting 500ms
-   waiting for element to be visible, enabled and stable
-   element is visible, enabled and stable
-   scrolling into view if needed
-   done scrolling
-   <div class="">…</div> from <div class="CustomCookies__CookieStyle-sc-13jxcge-0 jwKIaB">…</div> subtree intercepts pointer events
- retrying click action, attempt #23
-   waiting 500ms
-   waiting for element to be visible, enabled and stable
-   element is visible, enabled and stable
-   scrolling into view if needed
-   done scrolling
-   <div class="">…</div> from <div class="CustomCookies__CookieStyle-sc-13jxcge-0 jwKIaB">…</div> subtree intercepts pointer events
- retrying click action, attempt #24
-   waiting 500ms
-   waiting for element to be visible, enabled and stable
-   element is visible, enabled and stable
-   scrolling into view if needed
-   done scrolling
-   <div class="">…</div> from <div class="CustomCookies__CookieStyle-sc-13jxcge-0 jwKIaB">…</div> subtree intercepts pointer events
- retrying click action, attempt #25
-   waiting 500ms
-   waiting for element to be visible, enabled and stable
-   element is visible, enabled and stable
-   scrolling into view if needed
-   done scrolling
-   <div class="">…</div> from <div class="CustomCookies__CookieStyle-sc-13jxcge-0 jwKIaB">…</div> subtree intercepts pointer events
- retrying click action, attempt #26
-   waiting 500ms
-   waiting for element to be visible, enabled and stable
-   element is visible, enabled and stable
-   scrolling into view if needed
-   done scrolling
-   <div class="">…</div> from <div class="CustomCookies__CookieStyle-sc-13jxcge-0 jwKIaB">…</div> subtree intercepts pointer events
- retrying click action, attempt #27
-   waiting 500ms
-   waiting for element to be visible, enabled and stable
-   element is visible, enabled and stable
-   scrolling into view if needed
-   done scrolling
-   <div class="">…</div> from <div class="CustomCookies__CookieStyle-sc-13jxcge-0 jwKIaB">…</div> subtree intercepts pointer events
- retrying click action, attempt #28
-   waiting 500ms
-   waiting for element to be visible, enabled and stable
-   element is visible, enabled and stable
-   scrolling into view if needed
-   done scrolling
-   <div class="">…</div> from <div class="CustomCookies__CookieStyle-sc-13jxcge-0 jwKIaB">…</div> subtree intercepts pointer events
- retrying click action, attempt #29
-   waiting 500ms
-   waiting for element to be visible, enabled and stable
-   element is visible, enabled and stable
-   scrolling into view if needed
-   done scrolling
-   <div class="">…</div> from <div class="CustomCookies__CookieStyle-sc-13jxcge-0 jwKIaB">…</div> subtree intercepts pointer events
- retrying click action, attempt #30
-   waiting 500ms
-   waiting for element to be visible, enabled and stable
-   element is visible, enabled and stable
-   scrolling into view if needed
-   done scrolling
-   <div class="">…</div> from <div class="CustomCookies__CookieStyle-sc-13jxcge-0 jwKIaB">…</div> subtree intercepts pointer events
- retrying click action, attempt #31
-   waiting 500ms
-   waiting for element to be visible, enabled and stable
-   element is visible, enabled and stable
-   scrolling into view if needed
-   done scrolling
-   <div class="">…</div> from <div class="CustomCookies__CookieStyle-sc-13jxcge-0 jwKIaB">…</div> subtree intercepts pointer events
- retrying click action, attempt #32
-   waiting 500ms
-   waiting for element to be visible, enabled and stable
-   element is visible, enabled and stable
-   scrolling into view if needed
-   done scrolling
-   <div class="">…</div> from <div class="CustomCookies__CookieStyle-sc-13jxcge-0 jwKIaB">…</div> subtree intercepts pointer events
- retrying click action, attempt #33
-   waiting 500ms
-   waiting for element to be visible, enabled and stable
-   element is visible, enabled and stable
-   scrolling into view if needed
-   done scrolling
-   <div class="">…</div> from <div class="CustomCookies__CookieStyle-sc-13jxcge-0 jwKIaB">…</div> subtree intercepts pointer events
- retrying click action, attempt #34
-   waiting 500ms
-   waiting for element to be visible, enabled and stable
-   element is visible, enabled and stable
-   scrolling into view if needed
-   done scrolling
-   <div class="">…</div> from <div class="CustomCookies__CookieStyle-sc-13jxcge-0 jwKIaB">…</div> subtree intercepts pointer events
- retrying click action, attempt #35
-   waiting 500ms
-   waiting for element to be visible, enabled and stable
-   element is visible, enabled and stable
-   scrolling into view if needed
-   done scrolling
-   <div class="">…</div> from <div class="CustomCookies__CookieStyle-sc-13jxcge-0 jwKIaB">…</div> subtree intercepts pointer events
- retrying click action, attempt #36
-   waiting 500ms
-   waiting for element to be visible, enabled and stable
-   element is visible, enabled and stable
-   scrolling into view if needed
-   done scrolling
-   <div class="">…</div> from <div class="CustomCookies__CookieStyle-sc-13jxcge-0 jwKIaB">…</div> subtree intercepts pointer events
- retrying click action, attempt #37
-   waiting 500ms
-   waiting for element to be visible, enabled and stable
-   element is visible, enabled and stable
-   scrolling into view if needed
-   done scrolling
-   <div class="">…</div> from <div class="CustomCookies__CookieStyle-sc-13jxcge-0 jwKIaB">…</div> subtree intercepts pointer events
- retrying click action, attempt #38
-   waiting 500ms
-   waiting for element to be visible, enabled and stable
-   element is visible, enabled and stable
-   scrolling into view if needed
-   done scrolling
-   <div class="">…</div> from <div class="CustomCookies__CookieStyle-sc-13jxcge-0 jwKIaB">…</div> subtree intercepts pointer events
- retrying click action, attempt #39
-   waiting 500ms
-   waiting for element to be visible, enabled and stable
-   element is visible, enabled and stable
-   scrolling into view if needed
-   done scrolling
-   <div class="">…</div> from <div class="CustomCookies__CookieStyle-sc-13jxcge-0 jwKIaB">…</div> subtree intercepts pointer events
- retrying click action, attempt #40
-   waiting 500ms
-   waiting for element to be visible, enabled and stable
-   element is visible, enabled and stable
-   scrolling into view if needed
-   done scrolling
-   <div class="">…</div> from <div class="CustomCookies__CookieStyle-sc-13jxcge-0 jwKIaB">…</div> subtree intercepts pointer events
- retrying click action, attempt #41
-   waiting 500ms
-   waiting for element to be visible, enabled and stable
-   element is visible, enabled and stable
-   scrolling into view if needed
-   done scrolling
-   <div class="">…</div> from <div class="CustomCookies__CookieStyle-sc-13jxcge-0 jwKIaB">…</div> subtree intercepts pointer events
- retrying click action, attempt #42
-   waiting 500ms
-   waiting for element to be visible, enabled and stable
-   element is visible, enabled and stable
-   scrolling into view if needed
-   done scrolling
-   <div class="">…</div> from <div class="CustomCookies__CookieStyle-sc-13jxcge-0 jwKIaB">…</div> subtree intercepts pointer events
- retrying click action, attempt #43
-   waiting 500ms
-   waiting for element to be visible, enabled and stable
-   element is visible, enabled and stable
-   scrolling into view if needed
-   done scrolling
-   <div class="">…</div> from <div class="CustomCookies__CookieStyle-sc-13jxcge-0 jwKIaB">…</div> subtree intercepts pointer events
- retrying click action, attempt #44
-   waiting 500ms
-   waiting for element to be visible, enabled and stable
-   element is visible, enabled and stable
-   scrolling into view if needed
-   done scrolling
-   <div class="">…</div> from <div class="CustomCookies__CookieStyle-sc-13jxcge-0 jwKIaB">…</div> subtree intercepts pointer events
- retrying click action, attempt #45
-   waiting 500ms
-   waiting for element to be visible, enabled and stable
-   element is visible, enabled and stable
-   scrolling into view if needed
-   done scrolling
-   <div class="">…</div> from <div class="CustomCookies__CookieStyle-sc-13jxcge-0 jwKIaB">…</div> subtree intercepts pointer events
- retrying click action, attempt #46
-   waiting 500ms
-   waiting for element to be visible, enabled and stable
-   element is visible, enabled and stable
-   scrolling into view if needed
-   done scrolling
-   <div class="">…</div> from <div class="CustomCookies__CookieStyle-sc-13jxcge-0 jwKIaB">…</div> subtree intercepts pointer events
- retrying click action, attempt #47
-   waiting 500ms
-   waiting for element to be visible, enabled and stable
-   element is visible, enabled and stable
-   scrolling into view if needed
-   done scrolling
-   <div class="">…</div> from <div class="CustomCookies__CookieStyle-sc-13jxcge-0 jwKIaB">…</div> subtree intercepts pointer events
- retrying click action, attempt #48
-   waiting 500ms
-   waiting for element to be visible, enabled and stable
-   element is visible, enabled and stable
-   scrolling into view if needed
-   done scrolling
-   <div class="">…</div> from <div class="CustomCookies__CookieStyle-sc-13jxcge-0 jwKIaB">…</div> subtree intercepts pointer events
- retrying click action, attempt #49
-   waiting 500ms
-   waiting for element to be visible, enabled and stable
-   element is visible, enabled and stable
-   scrolling into view if needed
-   done scrolling
-   <div class="">…</div> from <div class="CustomCookies__CookieStyle-sc-13jxcge-0 jwKIaB">…</div> subtree intercepts pointer events
- retrying click action, attempt #50
-   waiting 500ms
-   waiting for element to be visible, enabled and stable
-   element is visible, enabled and stable
-   scrolling into view if needed
-   done scrolling
-   <div class="">…</div> from <div class="CustomCookies__CookieStyle-sc-13jxcge-0 jwKIaB">…</div> subtree intercepts pointer events
- retrying click action, attempt #51
-   waiting 500ms
-   waiting for element to be visible, enabled and stable
-   element is visible, enabled and stable
-   scrolling into view if needed
-   done scrolling
-   <div class="">…</div> from <div class="CustomCookies__CookieStyle-sc-13jxcge-0 jwKIaB">…</div> subtree intercepts pointer events
- retrying click action, attempt #52
-   waiting 500ms
-   waiting for element to be visible, enabled and stable
-   element is visible, enabled and stable
-   scrolling into view if needed
-   done scrolling
-   <div class="">…</div> from <div class="CustomCookies__CookieStyle-sc-13jxcge-0 jwKIaB">…</div> subtree intercepts pointer events
- retrying click action, attempt #53
-   waiting 500ms
-   waiting for element to be visible, enabled and stable
-   element is visible, enabled and stable
-   scrolling into view if needed
-   done scrolling
-   <div class="">…</div> from <div class="CustomCookies__CookieStyle-sc-13jxcge-0 jwKIaB">…</div> subtree intercepts pointer events
- retrying click action, attempt #54
-   waiting 500ms
-   waiting for element to be visible, enabled and stable
-   element is visible, enabled and stable
-   scrolling into view if needed
-   done scrolling
-   <div class="">…</div> from <div class="CustomCookies__CookieStyle-sc-13jxcge-0 jwKIaB">…</div> subtree intercepts pointer events
- retrying click action, attempt #55
-   waiting 500ms
-   waiting for element to be visible, enabled and stable
-   element is visible, enabled and stable
-   scrolling into view if needed
-   done scrolling
-   <div class="">…</div> from <div class="CustomCookies__CookieStyle-sc-13jxcge-0 jwKIaB">…</div> subtree intercepts pointer events
- retrying click action, attempt #56
-   waiting 500ms
-   waiting for element to be visible, enabled and stable
-   element is visible, enabled and stable
-   scrolling into view if needed
-   done scrolling
-   <div class="">…</div> from <div class="CustomCookies__CookieStyle-sc-13jxcge-0 jwKIaB">…</div> subtree intercepts pointer events
- retrying click action, attempt #57
-   waiting 500ms
-   waiting for element to be visible, enabled and stable
-   element is visible, enabled and stable
-   scrolling into view if needed
-   done scrolling
-   <div class="">…</div> from <div class="CustomCookies__CookieStyle-sc-13jxcge-0 jwKIaB">…</div> subtree intercepts pointer events
- retrying click action, attempt #58
-   waiting 500ms
-   waiting for element to be visible, enabled and stable
-   element is visible, enabled and stable
-   scrolling into view if needed
-   done scrolling
-   <div class="">…</div> from <div class="CustomCookies__CookieStyle-sc-13jxcge-0 jwKIaB">…</div> subtree intercepts pointer events
- retrying click action, attempt #59
-   waiting 500ms

at com.microsoft.playwright.impl.Connection.dispatch(Connection.java:254)
at com.microsoft.playwright.impl.Connection.processOneMessage(Connection.java:211)
at com.microsoft.playwright.impl.ChannelOwner.runUntil(ChannelOwner.java:118)
... 37 more
]]>
    </failure>
  </testcase> <!-- mouseHover -->
  <testcase classname="Pickaboo.MouseHover" name="chackOut" time="5.16">
    <failure type="java.lang.NullPointerException" message="Cannot invoke &amp;quot;com.microsoft.playwright.ElementHandle.click()&amp;quot; because &amp;quot;checkout&amp;quot; is null">
      <![CDATA[java.lang.NullPointerException: Cannot invoke "com.microsoft.playwright.ElementHandle.click()" because "checkout" is null
at Pickaboo.MouseHover.chackOut(MouseHover.java:99)
at java.base/jdk.internal.reflect.DirectMethodHandleAccessor.invoke(DirectMethodHandleAccessor.java:103)
at java.base/java.lang.reflect.Method.invoke(Method.java:580)
at org.testng.internal.invokers.MethodInvocationHelper.invokeMethod(MethodInvocationHelper.java:141)
at org.testng.internal.invokers.TestInvoker.invokeMethod(TestInvoker.java:686)
at org.testng.internal.invokers.TestInvoker.invokeTestMethod(TestInvoker.java:230)
at org.testng.internal.invokers.MethodRunner.runInSequence(MethodRunner.java:63)
at org.testng.internal.invokers.TestInvoker$MethodInvocationAgent.invoke(TestInvoker.java:992)
at org.testng.internal.invokers.TestInvoker.invokeTestMethods(TestInvoker.java:203)
at org.testng.internal.invokers.TestMethodWorker.invokeTestMethods(TestMethodWorker.java:154)
at org.testng.internal.invokers.TestMethodWorker.run(TestMethodWorker.java:134)
at java.base/java.util.ArrayList.forEach(ArrayList.java:1596)
at org.testng.TestRunner.privateRun(TestRunner.java:739)
at org.testng.TestRunner.run(TestRunner.java:614)
at org.testng.SuiteRunner.runTest(SuiteRunner.java:421)
at org.testng.SuiteRunner.runSequentially(SuiteRunner.java:413)
at org.testng.SuiteRunner.privateRun(SuiteRunner.java:373)
at org.testng.SuiteRunner.run(SuiteRunner.java:312)
at org.testng.SuiteRunnerWorker.runSuite(SuiteRunnerWorker.java:52)
at org.testng.SuiteRunnerWorker.run(SuiteRunnerWorker.java:95)
at org.testng.TestNG.runSuitesSequentially(TestNG.java:1274)
at org.testng.TestNG.runSuitesLocally(TestNG.java:1208)
at org.testng.TestNG.runSuites(TestNG.java:1112)
at org.testng.TestNG.run(TestNG.java:1079)
at org.testng.remote.AbstractRemoteTestNG.run(AbstractRemoteTestNG.java:115)
at org.testng.remote.RemoteTestNG.initAndRun(RemoteTestNG.java:293)
at org.testng.remote.RemoteTestNG.main(RemoteTestNG.java:91)
]]>
    </failure>
  </testcase> <!-- chackOut -->
  <testcase classname="Pickaboo.MouseHover" name="removeCart" time="5.069">
    <failure type="java.lang.NullPointerException" message="Cannot invoke &amp;quot;com.microsoft.playwright.ElementHandle.click()&amp;quot; because &amp;quot;Remove&amp;quot; is null">
      <![CDATA[java.lang.NullPointerException: Cannot invoke "com.microsoft.playwright.ElementHandle.click()" because "Remove" is null
at Pickaboo.MouseHover.removeCart(MouseHover.java:157)
at java.base/jdk.internal.reflect.DirectMethodHandleAccessor.invoke(DirectMethodHandleAccessor.java:103)
at java.base/java.lang.reflect.Method.invoke(Method.java:580)
at org.testng.internal.invokers.MethodInvocationHelper.invokeMethod(MethodInvocationHelper.java:141)
at org.testng.internal.invokers.TestInvoker.invokeMethod(TestInvoker.java:686)
at org.testng.internal.invokers.TestInvoker.invokeTestMethod(TestInvoker.java:230)
at org.testng.internal.invokers.MethodRunner.runInSequence(MethodRunner.java:63)
at org.testng.internal.invokers.TestInvoker$MethodInvocationAgent.invoke(TestInvoker.java:992)
at org.testng.internal.invokers.TestInvoker.invokeTestMethods(TestInvoker.java:203)
at org.testng.internal.invokers.TestMethodWorker.invokeTestMethods(TestMethodWorker.java:154)
at org.testng.internal.invokers.TestMethodWorker.run(TestMethodWorker.java:134)
at java.base/java.util.ArrayList.forEach(ArrayList.java:1596)
at org.testng.TestRunner.privateRun(TestRunner.java:739)
at org.testng.TestRunner.run(TestRunner.java:614)
at org.testng.SuiteRunner.runTest(SuiteRunner.java:421)
at org.testng.SuiteRunner.runSequentially(SuiteRunner.java:413)
at org.testng.SuiteRunner.privateRun(SuiteRunner.java:373)
at org.testng.SuiteRunner.run(SuiteRunner.java:312)
at org.testng.SuiteRunnerWorker.runSuite(SuiteRunnerWorker.java:52)
at org.testng.SuiteRunnerWorker.run(SuiteRunnerWorker.java:95)
at org.testng.TestNG.runSuitesSequentially(TestNG.java:1274)
at org.testng.TestNG.runSuitesLocally(TestNG.java:1208)
at org.testng.TestNG.runSuites(TestNG.java:1112)
at org.testng.TestNG.run(TestNG.java:1079)
at org.testng.remote.AbstractRemoteTestNG.run(AbstractRemoteTestNG.java:115)
at org.testng.remote.RemoteTestNG.initAndRun(RemoteTestNG.java:293)
at org.testng.remote.RemoteTestNG.main(RemoteTestNG.java:91)
]]>
    </failure>
  </testcase> <!-- removeCart -->
  <testcase classname="Pickaboo.MouseHover" name="search" time="8.136"/>
</testsuite> <!-- Default test -->
