<?xml version="1.0" encoding="UTF-8"?>
<!-- Generated by org.testng.reporters.JUnitXMLReporter -->
<testsuite ignored="0" hostname="LAPTOP-RAQOTQJ9" failures="0" tests="5" name="Default test" time="123.749" errors="0" timestamp="2024-09-13T10:25:44 BDT">
  <testcase classname="Pickaboo.MouseHover" name="openUrl" time="7.653"/>
  <testcase classname="Pickaboo.MouseHover" name="login" time="13.403"/>
  <testcase classname="Pickaboo.MouseHover" name="mouseHover" time="21.499"/>
  <testcase classname="Pickaboo.MouseHover" name="chackOut" time="71.002"/>
  <testcase classname="Pickaboo.MouseHover" name="removeCart" time="10.118"/>
</testsuite> <!-- Default test -->
