<?xml version="1.0" encoding="UTF-8"?>
<testng-results ignored="0" total="5" passed="5" failed="0" skipped="0">
  <reporter-output>
  </reporter-output>
  <suite started-at="2024-09-13T10:23:40 BDT" name="Default suite" finished-at="2024-09-13T10:25:44 BDT" duration-ms="123749">
    <groups>
    </groups>
    <test started-at="2024-09-13T10:23:40 BDT" name="Default test" finished-at="2024-09-13T10:25:44 BDT" duration-ms="123749">
      <class name="Pickaboo.MouseHover">
        <test-method is-config="true" signature="start()[pri:0, instance:Pickaboo.MouseHover@6cf0e0ba]" started-at="2024-09-13T10:23:25 BDT" name="start" finished-at="2024-09-13T10:23:40 BDT" duration-ms="14494" status="PASS">
          <reporter-output>
          </reporter-output>
        </test-method> <!-- start -->
        <test-method signature="openUrl()[pri:0, instance:Pickaboo.MouseHover@6cf0e0ba]" started-at="2024-09-13T10:23:40 BDT" name="openUrl" finished-at="2024-09-13T10:23:48 BDT" duration-ms="7653" status="PASS">
          <reporter-output>
          </reporter-output>
        </test-method> <!-- openUrl -->
        <test-method signature="login()[pri:1, instance:Pickaboo.MouseHover@6cf0e0ba]" started-at="2024-09-13T10:23:48 BDT" name="login" finished-at="2024-09-13T10:24:01 BDT" duration-ms="13403" status="PASS">
          <reporter-output>
          </reporter-output>
        </test-method> <!-- login -->
        <test-method signature="mouseHover()[pri:2, instance:Pickaboo.MouseHover@6cf0e0ba]" started-at="2024-09-13T10:24:01 BDT" name="mouseHover" finished-at="2024-09-13T10:24:23 BDT" duration-ms="21499" status="PASS">
          <reporter-output>
          </reporter-output>
        </test-method> <!-- mouseHover -->
        <test-method signature="chackOut()[pri:3, instance:Pickaboo.MouseHover@6cf0e0ba]" started-at="2024-09-13T10:24:23 BDT" name="chackOut" finished-at="2024-09-13T10:25:34 BDT" duration-ms="71002" status="PASS">
          <reporter-output>
          </reporter-output>
        </test-method> <!-- chackOut -->
        <test-method signature="removeCart()[pri:4, instance:Pickaboo.MouseHover@6cf0e0ba]" started-at="2024-09-13T10:25:34 BDT" name="removeCart" finished-at="2024-09-13T10:25:44 BDT" duration-ms="10118" status="PASS">
          <reporter-output>
          </reporter-output>
        </test-method> <!-- removeCart -->
        <test-method is-config="true" signature="close()[pri:0, instance:Pickaboo.MouseHover@6cf0e0ba]" started-at="2024-09-13T10:25:44 BDT" name="close" finished-at="2024-09-13T10:25:44 BDT" duration-ms="328" status="PASS">
          <reporter-output>
          </reporter-output>
        </test-method> <!-- close -->
      </class> <!-- Pickaboo.MouseHover -->
    </test> <!-- Default test -->
  </suite> <!-- Default suite -->
</testng-results>
